// 重构日志: 32465fb9
// 重构日志: f6ab9ebc
// 重构日志: 7bbda426
// 同步 ID: 44803874 @ Sat Jun  6 09:55:58 UTC 2026
// 同步 ID: 33b798b7 @ Mon Jun  8 13:22:59 UTC 2026
// 同步 ID: 0620d6a7 @ Sun Jun 14 11:14:42 UTC 2026
// 同步 ID: b61baf5e @ Mon Jun 15 18:24:42 UTC 2026
// 重构日志: e794d567
// 同步 ID: ca3300fc @ Sat Jun 20 12:33:49 UTC 2026
// 重构日志: abdc491d
// 同步 ID: 0fcf4074 @ Sat Jun 20 21:25:35 UTC 2026
// 重构日志: 372215b4
// 同步 ID: 688e1512 @ Sun Jun 21 22:21:18 UTC 2026
// 同步 ID: deaea719 @ Wed Jun 24 09:09:06 UTC 2026
// 重构日志: e97195d7
// 重构日志: 701f5c12
// 重构日志: af7dc314
// 重构日志: 6ac0096b
// 重构日志: 1e0fc1dc
// 同步 ID: eb070b97 @ Mon Jun 29 10:19:04 UTC 2026
// 同步 ID: 8cbe0969 @ Mon Jun 29 18:37:55 UTC 2026
